2025-07-22 08:09:44,748 - INFO - Starting review scraping for URL: https://www.google.com/maps/place/citizenM+Paris+Gare+de+Lyon+hotel/@48.8613388,2.2997173,12168m/data=!3m2!1e3!5s0x47e6721b7cb20c37:0xd1904031ebca8f50!4m18!1m5!2m4!1shotel+paris!5m2!5m1!1s2025-07-18!3m11!1s0x47e6721b7d55567d:0xaa8fe344e1e346b3!5m3!1s2025-07-18!4m1!1i2!8m2!3d48.8434163!4d2.3716691!9m1!1b1!16s%2Fg%2F11dxnn2fwx?entry=ttu&g_ep=EgoyMDI1MDcxMy4wIKXMDSoASAFQAw%3D%3D
2025-07-22 08:09:47,878 - INFO - Page 1: Collected 20 reviews
2025-07-22 08:09:49,624 - ERROR - Request failed: 400 Client Error: Bad Request for url: https://www.google.com/maps/rpc/listugcposts?authuser=0&hl=en&gl=us&pb=!1m6!1s0x47e6721b7d55567d:0xaa8fe344e1e346b3!6m4!4m1!1e1!4m1!1e3!13i100532569!1i10!2sCAESY0NBRVFGQnBFUTJwRlNVRlNTWEJEWjI5QlVEZGZURUZYVG5oZlgxOWZSV2hDY0d4ME5YQjZjbFpvTURWQ1h6WkZTVUZCUVVGQlIyZHVPVEpUVlVOaFRtaGhjVTh3V1VGRFNVRQ==!5m2!1sxkx7aMKiOLKshbIPoZm1sAk!7e81!8m9!2b1!3b1!5b1!7b1!12m4!1b1!2b1!4m1!1e1!11m0!13m1!1e1
2025-07-22 08:09:49,624 - INFO - No more reviews found or invalid response
2025-07-22 08:09:49,624 - INFO - Scraping completed. Total reviews collected: 20
2025-07-22 08:09:49,626 - INFO - ✅ Saved 20 reviews to reviews.json
2025-07-22 08:13:09,314 - INFO - Starting review scraping for URL: https://www.google.com/maps/place/citizenM+Paris+Gare+de+Lyon+hotel/@48.8613388,2.2997173,12168m/data=!3m2!1e3!5s0x47e6721b7cb20c37:0xd1904031ebca8f50!4m18!1m5!2m4!1shotel+paris!5m2!5m1!1s2025-07-18!3m11!1s0x47e6721b7d55567d:0xaa8fe344e1e346b3!5m3!1s2025-07-18!4m1!1i2!8m2!3d48.8434163!4d2.3716691!9m1!1b1!16s%2Fg%2F11dxnn2fwx?entry=ttu&g_ep=EgoyMDI1MDcxMy4wIKXMDSoASAFQAw%3D%3D
2025-07-22 08:13:12,075 - INFO - Page 1: Collected 10 reviews
2025-07-22 08:13:14,520 - INFO - Page 2: Collected 10 reviews
2025-07-22 08:13:17,457 - INFO - Page 3: Collected 10 reviews
2025-07-22 08:13:19,404 - INFO - Page 4: Collected 10 reviews
2025-07-22 08:13:21,594 - INFO - Page 5: Collected 10 reviews
2025-07-22 08:13:23,543 - INFO - Page 6: Collected 10 reviews
2025-07-22 08:13:24,786 - INFO - Page 7: Collected 10 reviews
2025-07-22 08:13:26,693 - INFO - Page 8: Collected 10 reviews
2025-07-22 08:13:28,457 - INFO - Page 9: Collected 10 reviews
2025-07-22 08:13:29,830 - INFO - Page 10: Collected 10 reviews
2025-07-22 08:13:32,349 - INFO - Page 11: Collected 10 reviews
2025-07-22 08:13:34,363 - INFO - Page 12: Collected 10 reviews
2025-07-22 08:13:36,620 - INFO - Page 13: Collected 10 reviews
2025-07-22 08:13:39,379 - INFO - Page 14: Collected 10 reviews
2025-07-22 08:13:40,783 - INFO - Page 15: Collected 10 reviews
2025-07-22 08:13:43,186 - INFO - Page 16: Collected 10 reviews
2025-07-22 08:13:45,083 - INFO - Page 17: Collected 10 reviews
2025-07-22 08:13:46,784 - INFO - Page 18: Collected 10 reviews
2025-07-22 08:13:48,969 - INFO - Page 19: Collected 10 reviews
2025-07-22 08:13:51,411 - INFO - Page 20: Collected 10 reviews
2025-07-22 08:13:52,839 - INFO - Page 21: Collected 10 reviews
2025-07-22 08:13:54,189 - INFO - Page 22: Collected 10 reviews
2025-07-22 08:13:56,736 - INFO - Page 23: Collected 10 reviews
2025-07-22 08:13:58,616 - INFO - Page 24: Collected 10 reviews
2025-07-22 08:14:00,661 - INFO - Page 25: Collected 10 reviews
2025-07-22 08:14:01,922 - INFO - Page 26: Collected 10 reviews
2025-07-22 08:14:03,330 - INFO - Page 27: Collected 10 reviews
2025-07-22 08:14:06,198 - INFO - Page 28: Collected 10 reviews
2025-07-22 08:14:09,327 - INFO - Page 29: Collected 10 reviews
2025-07-22 08:14:11,324 - INFO - Page 30: Collected 10 reviews
2025-07-22 08:14:12,691 - INFO - Page 31: Collected 10 reviews
2025-07-22 08:14:14,267 - INFO - Page 32: Collected 10 reviews
2025-07-22 08:14:16,680 - INFO - Page 33: Collected 10 reviews
2025-07-22 08:14:19,736 - INFO - Page 34: Collected 10 reviews
2025-07-22 08:14:22,400 - INFO - Page 35: Collected 10 reviews
2025-07-22 08:14:24,335 - INFO - Page 36: Collected 10 reviews
2025-07-22 08:14:25,889 - INFO - Page 37: Collected 10 reviews
2025-07-22 08:14:27,085 - INFO - Page 38: Collected 10 reviews
2025-07-22 08:14:29,628 - INFO - Page 39: Collected 10 reviews
2025-07-22 08:14:31,950 - INFO - Page 40: Collected 10 reviews
2025-07-22 08:14:33,289 - INFO - Page 41: Collected 10 reviews
2025-07-22 08:14:35,795 - INFO - Page 42: Collected 10 reviews
2025-07-22 08:14:37,303 - INFO - Page 43: Collected 10 reviews
2025-07-22 08:14:39,198 - INFO - Page 44: Collected 10 reviews
2025-07-22 08:14:41,009 - INFO - Page 45: Collected 10 reviews
2025-07-22 08:14:43,257 - INFO - Page 46: Collected 10 reviews
2025-07-22 08:14:45,534 - INFO - Page 47: Collected 10 reviews
2025-07-22 08:14:47,915 - INFO - Page 48: Collected 10 reviews
2025-07-22 08:14:50,015 - INFO - Page 49: Collected 10 reviews
2025-07-22 08:14:52,740 - INFO - Page 50: Collected 10 reviews
2025-07-22 08:14:55,839 - INFO - Page 51: Collected 10 reviews
2025-07-22 08:14:56,997 - INFO - Page 52: Collected 10 reviews
2025-07-22 08:15:00,031 - INFO - Page 53: Collected 10 reviews
2025-07-22 08:15:02,384 - INFO - Page 54: Collected 10 reviews
2025-07-22 08:15:05,485 - INFO - Page 55: Collected 10 reviews
2025-07-22 08:15:06,784 - INFO - Page 56: Collected 10 reviews
2025-07-22 08:15:08,222 - INFO - Page 57: Collected 10 reviews
2025-07-22 08:15:09,672 - INFO - Page 58: Collected 10 reviews
2025-07-22 08:15:11,144 - INFO - Page 59: Collected 10 reviews
2025-07-22 08:15:14,006 - INFO - Page 60: Collected 10 reviews
2025-07-22 08:15:16,784 - INFO - Page 61: Collected 10 reviews
2025-07-22 08:15:18,714 - INFO - Page 62: Collected 10 reviews
2025-07-22 08:15:21,284 - INFO - Page 63: Collected 10 reviews
2025-07-22 08:15:23,796 - INFO - Page 64: Collected 10 reviews
2025-07-22 08:15:25,541 - INFO - Page 65: Collected 10 reviews
2025-07-22 08:15:27,629 - INFO - Page 66: Collected 10 reviews
2025-07-22 08:15:29,498 - INFO - Page 67: Collected 10 reviews
2025-07-22 08:15:32,431 - INFO - Page 68: Collected 10 reviews
2025-07-22 08:15:34,972 - INFO - Page 69: Collected 10 reviews
2025-07-22 08:15:36,410 - INFO - Page 70: Collected 10 reviews
2025-07-22 08:15:38,094 - INFO - Page 71: Collected 10 reviews
2025-07-22 08:15:40,497 - INFO - Page 72: Collected 10 reviews
2025-07-22 08:15:42,079 - INFO - Page 73: Collected 10 reviews
2025-07-22 08:15:44,861 - INFO - Page 74: Collected 10 reviews
2025-07-22 08:15:46,599 - INFO - Page 75: Collected 10 reviews
2025-07-22 08:15:48,239 - INFO - Page 76: Collected 10 reviews
2025-07-22 08:15:51,050 - INFO - Page 77: Collected 10 reviews
2025-07-22 08:15:53,967 - INFO - Page 78: Collected 10 reviews
2025-07-22 08:15:55,804 - INFO - Page 79: Collected 10 reviews
2025-07-22 08:15:57,851 - INFO - Page 80: Collected 10 reviews
2025-07-22 08:15:59,403 - INFO - Page 81: Collected 10 reviews
2025-07-22 08:16:00,913 - INFO - Page 82: Collected 10 reviews
2025-07-22 08:16:03,241 - INFO - Page 83: Collected 10 reviews
2025-07-22 08:16:05,706 - INFO - Page 84: Collected 10 reviews
2025-07-22 08:16:07,543 - INFO - Page 85: Collected 10 reviews
2025-07-22 08:16:09,695 - INFO - Page 86: Collected 10 reviews
2025-07-22 08:16:12,686 - INFO - Page 87: Collected 10 reviews
2025-07-22 08:16:15,215 - INFO - Page 88: Collected 10 reviews
2025-07-22 08:16:17,454 - INFO - Page 89: Collected 10 reviews
2025-07-22 08:16:18,973 - INFO - Page 90: Collected 10 reviews
2025-07-22 08:16:20,368 - INFO - Page 91: Collected 10 reviews
2025-07-22 08:16:23,095 - INFO - Page 92: Collected 10 reviews
2025-07-22 08:16:24,804 - INFO - Page 93: Collected 10 reviews
2025-07-22 08:16:26,773 - INFO - Page 94: Collected 10 reviews
2025-07-22 08:16:29,359 - INFO - Page 95: Collected 10 reviews
2025-07-22 08:16:30,972 - INFO - Page 96: Collected 10 reviews
2025-07-22 08:16:32,577 - INFO - Page 97: Collected 10 reviews
2025-07-22 08:16:34,741 - INFO - Page 98: Collected 10 reviews
2025-07-22 08:16:36,649 - INFO - Page 99: Collected 10 reviews
2025-07-22 08:16:38,119 - INFO - Page 100: Collected 10 reviews
2025-07-22 08:16:39,492 - INFO - Page 101: Collected 10 reviews
2025-07-22 08:16:40,852 - INFO - Page 102: Collected 10 reviews
2025-07-22 08:16:42,556 - INFO - Page 103: Collected 10 reviews
2025-07-22 08:16:45,711 - INFO - Page 104: Collected 10 reviews
2025-07-22 08:16:48,680 - INFO - Page 105: Collected 10 reviews
2025-07-22 08:16:50,578 - INFO - Page 106: Collected 10 reviews
2025-07-22 08:16:51,932 - INFO - Page 107: Collected 10 reviews
2025-07-22 08:16:54,802 - INFO - Page 108: Collected 10 reviews
2025-07-22 08:16:57,154 - INFO - Page 109: Collected 10 reviews
2025-07-22 08:16:59,666 - INFO - Page 110: Collected 10 reviews
2025-07-22 08:17:01,578 - INFO - Page 111: Collected 10 reviews
2025-07-22 08:17:03,027 - INFO - Page 112: Collected 10 reviews
2025-07-22 08:17:04,799 - INFO - Page 113: Collected 10 reviews
2025-07-22 08:17:06,924 - INFO - Page 114: Collected 10 reviews
2025-07-22 08:17:08,558 - INFO - Page 115: Collected 10 reviews
2025-07-22 08:17:10,674 - INFO - Page 116: Collected 10 reviews
2025-07-22 08:17:12,310 - INFO - Page 117: Collected 10 reviews
2025-07-22 08:17:13,993 - INFO - Page 118: Collected 10 reviews
2025-07-22 08:17:17,027 - INFO - Page 119: Collected 10 reviews
2025-07-22 08:17:18,734 - INFO - Page 120: Collected 10 reviews
2025-07-22 08:17:21,448 - INFO - Page 121: Collected 10 reviews
2025-07-22 08:17:24,245 - INFO - Page 122: Collected 10 reviews
2025-07-22 08:17:26,145 - INFO - Page 123: Collected 10 reviews
2025-07-22 08:17:27,602 - INFO - Page 124: Collected 10 reviews
2025-07-22 08:17:29,308 - INFO - Page 125: Collected 10 reviews
2025-07-22 08:17:32,277 - INFO - Page 126: Collected 10 reviews
2025-07-22 08:17:33,728 - INFO - Page 127: Collected 10 reviews
2025-07-22 08:17:36,551 - INFO - Page 128: Collected 10 reviews
2025-07-22 08:17:38,712 - INFO - Page 129: Collected 10 reviews
2025-07-22 08:17:40,517 - INFO - Page 130: Collected 10 reviews
2025-07-22 08:17:43,550 - INFO - Page 131: Collected 10 reviews
2025-07-22 08:17:46,623 - INFO - Page 132: Collected 10 reviews
2025-07-22 08:17:48,144 - INFO - Page 133: Collected 10 reviews
2025-07-22 08:17:49,410 - INFO - Page 134: Collected 10 reviews
2025-07-22 08:17:51,844 - INFO - Page 135: Collected 10 reviews
2025-07-22 08:17:53,571 - INFO - Page 136: Collected 10 reviews
2025-07-22 08:17:56,010 - INFO - Page 137: Collected 10 reviews
2025-07-22 08:17:58,106 - INFO - Page 138: Collected 10 reviews
2025-07-22 08:18:00,197 - INFO - Page 139: Collected 10 reviews
2025-07-22 08:18:02,001 - INFO - Page 140: Collected 10 reviews
2025-07-22 08:18:04,493 - INFO - Page 141: Collected 10 reviews
2025-07-22 08:18:07,173 - INFO - Page 142: Collected 10 reviews
2025-07-22 08:18:08,731 - INFO - Page 143: Collected 10 reviews
2025-07-22 08:18:10,063 - INFO - Page 144: Collected 10 reviews
2025-07-22 08:18:12,381 - INFO - Page 145: Collected 10 reviews
2025-07-22 08:18:15,437 - INFO - Page 146: Collected 10 reviews
2025-07-22 08:18:18,507 - INFO - Page 147: Collected 10 reviews
2025-07-22 08:18:20,071 - INFO - Page 148: Collected 10 reviews
2025-07-22 08:18:22,900 - INFO - Page 149: Collected 10 reviews
2025-07-22 08:18:24,445 - INFO - Page 150: Collected 10 reviews
2025-07-22 08:23:31,309 - INFO - Starting review scraping for URL: https://www.google.com/maps/place/citizenM+Paris+Gare+de+Lyon+hotel/@48.8613388,2.2997173,12168m/data=!3m2!1e3!5s0x47e6721b7cb20c37:0xd1904031ebca8f50!4m18!1m5!2m4!1shotel+paris!5m2!5m1!1s2025-07-18!3m11!1s0x47e6721b7d55567d:0xaa8fe344e1e346b3!5m3!1s2025-07-18!4m1!1i2!8m2!3d48.8434163!4d2.3716691!9m1!1b1!16s%2Fg%2F11dxnn2fwx?entry=ttu&g_ep=EgoyMDI1MDcxMy4wIKXMDSoASAFQAw%3D%3D
2025-07-22 08:23:31,309 - INFO - Using server-side TripAdvisor filter
2025-07-22 08:23:33,378 - INFO - Page 1: Collected 10 reviews
2025-07-22 08:23:35,464 - INFO - Page 2: Collected 10 reviews
2025-07-22 08:23:38,661 - INFO - Page 3: Collected 10 reviews
2025-07-22 08:23:40,958 - INFO - Page 4: Collected 10 reviews
2025-07-22 08:23:42,457 - INFO - Page 5: Collected 10 reviews
2025-07-22 08:23:44,336 - INFO - Page 6: Collected 10 reviews
2025-07-22 08:23:46,534 - INFO - Page 7: Collected 10 reviews
2025-07-22 08:23:47,913 - INFO - Page 8: Collected 10 reviews
2025-07-22 08:23:50,617 - INFO - Page 9: Collected 10 reviews
2025-07-22 08:23:52,512 - INFO - Page 10: Collected 10 reviews
2025-07-22 08:23:54,888 - INFO - Page 11: Collected 5 reviews
2025-07-22 08:23:54,888 - INFO - No more pages available
2025-07-22 08:23:54,888 - INFO - Scraping completed. Total reviews collected: 105
2025-07-22 08:23:54,891 - INFO - ✅ Saved 105 reviews to reviews.json
